<?xml version="1.0" encoding="UTF-8"?>
<testng-results ignored="0" total="1" passed="1" failed="0" skipped="0">
  <reporter-output>
  </reporter-output>
  <suite started-at="2023-04-10T12:35:09 IST" name="Default suite" finished-at="2023-04-10T12:35:12 IST" duration-ms="2371">
    <groups>
    </groups>
    <test started-at="2023-04-10T12:35:09 IST" name="Default test" finished-at="2023-04-10T12:35:12 IST" duration-ms="2371">
      <class name="tests.getRequests">
        <test-method signature="getUsers()[pri:0, instance:tests.getRequests@f736069]" started-at="2023-04-10T12:35:09 IST" name="getUsers" finished-at="2023-04-10T12:35:12 IST" duration-ms="2329" status="PASS">
          <reporter-output>
          </reporter-output>
        </test-method> <!-- getUsers -->
      </class> <!-- tests.getRequests -->
    </test> <!-- Default test -->
  </suite> <!-- Default suite -->
</testng-results>
